<?xml version="1.0" encoding="UTF-8"?>
<testsuite xmlns:xsi="http://www.w3.org/2001/XMLSchema-instance" xsi:noNamespaceSchemaLocation="https://maven.apache.org/surefire/maven-surefire-plugin/xsd/surefire-test-report.xsd" version="3.0.2" name="com.ncuindia.edu.configuration.ConfigurationApplicationTests" time="6.689" tests="1" errors="0" skipped="0" failures="0">
  <properties>
[...]
</properties>
  <testcase name="contextLoads" classname="com.ncuindia.edu.configuration.ConfigurationApplicationTests" time="1.332">
    <system-out><![CDATA[01:29:42.802 [main] INFO org.springframework.test.context.support.AnnotationConfigContextLoaderUtils -- Could not detect default configuration classes for test class [com.ncuindia.edu.configuration.ConfigurationApplicationTests]: ConfigurationApplicationTests does not declare any static, non-private, non-final, nested classes annotated with @Configuration.
01:29:43.021 [main] INFO org.springframework.boot.test.context.SpringBootTestContextBootstrapper -- Found @SpringBootConfiguration com.ncuindia.edu.configuration.ConfigurationApplication for test class com.ncuindia.edu.configuration.ConfigurationApplicationTests

  .   ____          _            __ _ _
 /\\ / ___'_ __ _ _(_)_ __  __ _ \ \ \ \
( ( )\___ | '_ | '_| | '_ \/ _` | \ \ \ \
 \\/  ___)| |_)| | | | | || (_| |  ) ) ) )
  '  |____| .__|_| |_|_| |_\__, | / / / /
 =========|_|==============|___/=/_/_/_/

 :: Spring Boot ::                (v3.5.5)

2025-10-13T01:29:44.394+05:30  INFO 5356 --- [configuration] [           main] c.n.e.c.ConfigurationApplicationTests    : Starting ConfigurationApplicationTests using Java 17.0.12 with PID 5356 (started by heman in D:\Hemant\Projects\IMS1\configuration)
2025-10-13T01:29:44.396+05:30  INFO 5356 --- [configuration] [           main] c.n.e.c.ConfigurationApplicationTests    : The following 1 profile is active: "native"
2025-10-13T01:29:45.676+05:30  INFO 5356 --- [configuration] [           main] o.s.cloud.context.scope.GenericScope     : BeanFactory id=4c02c1c0-7779-3263-a006-88a1a0f0fd32
2025-10-13T01:29:46.940+05:30  INFO 5356 --- [configuration] [           main] r$InitializeUserDetailsManagerConfigurer : Global AuthenticationManager configured with UserDetailsService bean with name inMemoryUserDetailsManager
2025-10-13T01:29:47.729+05:30  INFO 5356 --- [configuration] [           main] c.n.e.c.ConfigurationApplicationTests    : Started ConfigurationApplicationTests in 4.119 seconds (process running for 6.386)
]]></system-out>
  </testcase>
</testsuite>